2025-01-08 12:03:20,772 - INFO - Starting PV subsystem...
2025-01-08 12:03:20,827 - INFO - Initializing video stream...
2025-01-08 12:03:20,855 - INFO - Video stream started successfully
2025-01-08 12:03:20,856 - INFO - Starting capture loop. Saving images every 20 seconds...
2025-01-08 12:03:22,892 - INFO - Frame saved: sasika_stream/frame_1736309002.jpg
2025-01-08 12:03:42,893 - INFO - Frame saved: sasika_stream/frame_1736309022.jpg
2025-01-08 12:03:49,786 - INFO - Shutting down...
2025-01-08 12:03:49,828 - INFO - Video stream stopped
2025-01-08 12:03:49,831 - INFO - PV subsystem stopped
2025-01-08 12:05:02,888 - INFO - Starting PV subsystem...
2025-01-08 12:05:03,118 - INFO - Initializing video stream...
2025-01-08 12:05:03,146 - INFO - Video stream started successfully
2025-01-08 12:05:03,147 - INFO - Waiting for frame...
2025-01-08 12:05:03,148 - ERROR - Failed to capture valid frame
2025-01-08 12:05:03,148 - INFO - Shutting down...
2025-01-08 12:05:05,272 - INFO - Video stream stopped
2025-01-08 12:05:05,275 - INFO - PV subsystem stopped
2025-01-08 12:06:17,502 - INFO - Starting PV subsystem...
2025-01-08 12:06:17,572 - INFO - Initializing video stream...
2025-01-08 12:06:17,600 - INFO - Video stream started successfully
2025-01-08 12:06:19,603 - INFO - Waiting for frame...
2025-01-08 12:06:19,605 - WARNING - Attempt 1/5: No valid frame received
2025-01-08 12:06:20,623 - INFO - Frame saved: sasika_stream/frame_20250108_120620.jpg
2025-01-08 12:06:20,623 - INFO - Shutting down...
2025-01-08 12:06:20,662 - INFO - Video stream stopped
2025-01-08 12:06:20,665 - INFO - PV subsystem stopped
